<?xml version="1.0" encoding="UTF-8"?>
<!-- Generated by org.testng.reporters.JUnitReportReporter -->
<testsuite hostname="Sachin-Sharma" failures="0" tests="2" name="com.qa.pavan.ChromeDevToolsDemo" time="14.163" errors="0" timestamp="2023-09-25T00:42:29 IST" skipped="1">
  <testcase classname="com.qa.pavan.ChromeDevToolsDemo" name="consoleLogs" time="14.163"/>
  <testcase classname="com.qa.pavan.ChromeDevToolsDemo" name="enableNetworkOffline">
    <skipped/>
  </testcase> <!-- enableNetworkOffline -->
</testsuite> <!-- com.qa.pavan.ChromeDevToolsDemo -->
