<?xml version="1.0" encoding="UTF-8"?>
<!-- Generated by org.testng.reporters.JUnitReportReporter -->
<testsuite hostname="Sachin-Sharma" failures="0" tests="1" name="com.qa.pavan.Selenium4Features" time="16.721" errors="0" timestamp="2023-09-22T21:40:25 IST" skipped="0">
  <testcase classname="com.qa.pavan.Selenium4Features" name="location" time="16.721"/>
</testsuite> <!-- com.qa.pavan.Selenium4Features -->
