<?xml version="1.0" encoding="UTF-8"?>
<!-- Generated by org.testng.reporters.JUnitReportReporter -->
<testsuite hostname="Sachin-Sharma" failures="0" tests="1" name="com.qa.pavan.TakingScreenshot" time="53.482" errors="0" timestamp="2023-09-22T20:53:40 IST" skipped="0">
  <testcase classname="com.qa.pavan.TakingScreenshot" name="screenshotOfAnElement" time="53.482"/>
</testsuite> <!-- com.qa.pavan.TakingScreenshot -->
