<?xml version="1.0" encoding="UTF-8"?>
<!-- Generated by org.testng.reporters.JUnitReportReporter -->
<testsuite hostname="Sachin-Sharma" failures="0" tests="2" name="com.qa.pavan.RelativeLocators" time="0.726" errors="0" timestamp="2023-09-22T13:05:10 IST" skipped="0">
  <testcase classname="com.qa.pavan.RelativeLocators" name="test2" time="0.116"/>
  <testcase classname="com.qa.pavan.RelativeLocators" name="test1" time="0.610"/>
</testsuite> <!-- com.qa.pavan.RelativeLocators -->
